================================================================================
TEST REPORT - UNIFY PROJECT
================================================================================
Generated: 2025-12-21 04:49:05

TEST SUMMARY
--------------------------------------------------------------------------------
Total Tests: 40
Passed: 38 [PASS]
Failed: 0 [FAIL]
Errors: 2 [ERROR]
Skipped: 0 [SKIP]

OVERALL STATUS
--------------------------------------------------------------------------------
STATUS: FAIL
Tests failed: 0 failures, 2 errors

TEST DETAILS
--------------------------------------------------------------------------------
ERRORS:
  [ERROR] test_knowledge_base_repository (unittest.loader._FailedTest)
    ImportError: Failed to import test module: test_knowledge_base_repository
    Traceback (most recent call last):
    File "C:\Users\Acer\AppData\Local\Programs\Python\Python310\lib\unittest\loader.py", line 436, in _find_test_path
  [ERROR] test_messaging (unittest.loader._FailedTest)
    ImportError: Failed to import test module: test_messaging
    Traceback (most recent call last):
    File "C:\Users\Acer\Desktop\Unify\UNIFY\tests\test_messaging.py", line 16, in <module>

PASSED TESTS:
  [PASS] 38 test(s) passed

================================================================================
END OF REPORT
================================================================================